2025-04-16 00:09:34,081 - Keys generated
2025-04-16 00:09:48,937 - Keys generated
2025-04-16 00:10:30,815 - Keys generated
2025-04-16 00:11:29,604 - Keys generated
2025-04-16 00:14:10,548 - Keys generated
2025-04-16 00:16:00,475 - Keys saved to file
2025-04-16 00:17:10,746 - Message encrypted
2025-04-16 00:18:56,776 - Message encrypted
2025-04-16 00:20:09,519 - Message encrypted
2025-04-16 00:21:22,724 - Message decrypted
2025-04-16 00:21:59,272 - Message signed
2025-04-16 00:23:44,924 - Message signed
2025-04-16 00:25:02,249 - Signature verified: valid
2025-04-16 21:54:19,386 - Keys generated
2025-04-16 21:54:39,360 - Message encrypted
2025-04-16 21:56:26,285 - Message decrypted
2025-04-16 22:00:50,589 - Keys generated
2025-04-16 22:01:03,335 - Message encrypted
2025-04-16 22:01:11,790 - Message decrypted
2025-04-16 22:01:44,589 - Message decrypted
2025-04-16 22:01:49,454 - Message signed
2025-04-16 22:01:52,800 - Signature verified: valid
2025-04-16 22:05:38,655 - Keys generated
2025-04-16 22:05:41,703 - Message encrypted
2025-04-16 22:05:47,968 - Message decrypted
2025-04-16 22:05:53,105 - Message signed
2025-04-16 22:06:05,347 - Signature verified: valid
